<?xml version="1.0" encoding="UTF-8"?>
<!-- Generated by org.testng.reporters.JUnitXMLReporter -->
<testsuite ignored="1" hostname="DESKTOP-RQMQD1V" failures="0" tests="1" name="Test" time="7.412" errors="0" timestamp="2023-09-11T11:33:30 IST">
  <testcase classname="VTiger.CreateContactTest.CreateContactTest" name="create" time="0.006"/>
  <testcase classname="VTiger.CreateContactTest.CreateContactTest" name="verifyUsercreateContactTest" time="0.0">
    <ignored/>
  </testcase> <!-- verifyUsercreateContactTest -->
</testsuite> <!-- Test -->
